{"/home/flip/Development/availability-exercise/node/store.js": {"path":"/home/flip/Development/availability-exercise/node/store.js","statementMap":{"0":{"start":{"line":8,"column":0},"end":{"line":8,"column":20}}},"fnMap":{},"branchMap":{},"s":{"0":3},"f":{},"b":{},"_coverageSchema":"43e27e138ebf9cfc5966b082cf9a028302ed4184","hash":"c327b719b4c06a222aca40c574120d3aa61f4528"}
,"/home/flip/Development/availability-exercise/node/availability/index.js": {"path":"/home/flip/Development/availability-exercise/node/availability/index.js","statementMap":{"0":{"start":{"line":1,"column":12},"end":{"line":1,"column":26}},"1":{"start":{"line":2,"column":54},"end":{"line":2,"column":70}},"2":{"start":{"line":4,"column":14},"end":{"line":4,"column":33}},"3":{"start":{"line":5,"column":19},"end":{"line":5,"column":42}},"4":{"start":{"line":8,"column":2},"end":{"line":8,"column":54}},"5":{"start":{"line":10,"column":24},"end":{"line":10,"column":57}},"6":{"start":{"line":12,"column":21},"end":{"line":45,"column":1}},"7":{"start":{"line":13,"column":2},"end":{"line":44,"column":3}},"8":{"start":{"line":14,"column":21},"end":{"line":14,"column":69}},"9":{"start":{"line":16,"column":4},"end":{"line":40,"column":6}},"10":{"start":{"line":28,"column":35},"end":{"line":38,"column":9}},"11":{"start":{"line":34,"column":40},"end":{"line":34,"column":56}},"12":{"start":{"line":36,"column":39},"end":{"line":36,"column":57}},"13":{"start":{"line":42,"column":4},"end":{"line":42,"column":56}},"14":{"start":{"line":43,"column":4},"end":{"line":43,"column":38}},"15":{"start":{"line":47,"column":0},"end":{"line":47,"column":30}}},"fnMap":{"0":{"name":"(anonymous_0)","decl":{"start":{"line":12,"column":21},"end":{"line":12,"column":22}},"loc":{"start":{"line":12,"column":33},"end":{"line":45,"column":1}},"line":12},"1":{"name":"(anonymous_1)","decl":{"start":{"line":28,"column":12},"end":{"line":28,"column":13}},"loc":{"start":{"line":28,"column":35},"end":{"line":38,"column":9}},"line":28},"2":{"name":"(anonymous_2)","decl":{"start":{"line":34,"column":21},"end":{"line":34,"column":22}},"loc":{"start":{"line":34,"column":40},"end":{"line":34,"column":56}},"line":34},"3":{"name":"(anonymous_3)","decl":{"start":{"line":36,"column":16},"end":{"line":36,"column":17}},"loc":{"start":{"line":36,"column":39},"end":{"line":36,"column":57}},"line":36}},"branchMap":{},"s":{"0":2,"1":2,"2":2,"3":2,"4":2,"5":2,"6":2,"7":4,"8":4,"9":2,"10":6,"11":134,"12":31,"13":2,"14":2,"15":2},"f":{"0":4,"1":6,"2":134,"3":31},"b":{},"_coverageSchema":"43e27e138ebf9cfc5966b082cf9a028302ed4184","hash":"c20a73880975527c1a6545e9030e483a28558fda"}
,"/home/flip/Development/availability-exercise/node/availability/index.mock.js": {"path":"/home/flip/Development/availability-exercise/node/availability/index.mock.js","statementMap":{"0":{"start":{"line":1,"column":0},"end":{"line":148,"column":2}}},"fnMap":{},"branchMap":{},"s":{"0":1},"f":{},"b":{},"_coverageSchema":"43e27e138ebf9cfc5966b082cf9a028302ed4184","hash":"d883a181ef7204fe5b22bc51fdb654fb1668f84e"}
,"/home/flip/Development/availability-exercise/node/availability/omitBooked.js": {"path":"/home/flip/Development/availability-exercise/node/availability/omitBooked.js","statementMap":{"0":{"start":{"line":1,"column":27},"end":{"line":1,"column":43}},"1":{"start":{"line":3,"column":19},"end":{"line":9,"column":1}},"2":{"start":{"line":3,"column":28},"end":{"line":9,"column":1}},"3":{"start":{"line":4,"column":17},"end":{"line":4,"column":36}},"4":{"start":{"line":5,"column":2},"end":{"line":7,"column":12}},"5":{"start":{"line":6,"column":4},"end":{"line":6,"column":30}},"6":{"start":{"line":8,"column":2},"end":{"line":8,"column":16}},"7":{"start":{"line":11,"column":0},"end":{"line":11,"column":28}}},"fnMap":{"0":{"name":"(anonymous_0)","decl":{"start":{"line":3,"column":19},"end":{"line":3,"column":20}},"loc":{"start":{"line":3,"column":28},"end":{"line":9,"column":1}},"line":3},"1":{"name":"(anonymous_1)","decl":{"start":{"line":3,"column":28},"end":{"line":3,"column":29}},"loc":{"start":{"line":3,"column":44},"end":{"line":9,"column":1}},"line":3},"2":{"name":"(anonymous_2)","decl":{"start":{"line":5,"column":10},"end":{"line":5,"column":11}},"loc":{"start":{"line":5,"column":30},"end":{"line":7,"column":3}},"line":5}},"branchMap":{},"s":{"0":3,"1":3,"2":3,"3":3,"4":3,"5":1,"6":3,"7":3},"f":{"0":3,"1":3,"2":1},"b":{},"_coverageSchema":"43e27e138ebf9cfc5966b082cf9a028302ed4184","hash":"31dbd5fb528a026a248b7325c3a416ee7963199b"}
,"/home/flip/Development/availability-exercise/node/book/index.js": {"path":"/home/flip/Development/availability-exercise/node/book/index.js","statementMap":{"0":{"start":{"line":1,"column":12},"end":{"line":1,"column":32}},"1":{"start":{"line":2,"column":49},"end":{"line":2,"column":65}},"2":{"start":{"line":4,"column":14},"end":{"line":4,"column":33}},"3":{"start":{"line":5,"column":21},"end":{"line":5,"column":47}},"4":{"start":{"line":7,"column":17},"end":{"line":13,"column":4}},"5":{"start":{"line":8,"column":2},"end":{"line":13,"column":4}},"6":{"start":{"line":15,"column":20},"end":{"line":23,"column":1}},"7":{"start":{"line":16,"column":2},"end":{"line":22,"column":10}},"8":{"start":{"line":25,"column":13},"end":{"line":42,"column":1}},"9":{"start":{"line":26,"column":27},"end":{"line":26,"column":46}},"10":{"start":{"line":27,"column":2},"end":{"line":29,"column":3}},"11":{"start":{"line":28,"column":4},"end":{"line":28,"column":21}},"12":{"start":{"line":31,"column":19},"end":{"line":31,"column":39}},"13":{"start":{"line":32,"column":2},"end":{"line":35,"column":3}},"14":{"start":{"line":33,"column":4},"end":{"line":33,"column":22}},"15":{"start":{"line":34,"column":4},"end":{"line":34,"column":27}},"16":{"start":{"line":37,"column":2},"end":{"line":41,"column":4}},"17":{"start":{"line":44,"column":0},"end":{"line":44,"column":22}}},"fnMap":{"0":{"name":"(anonymous_0)","decl":{"start":{"line":7,"column":17},"end":{"line":7,"column":18}},"loc":{"start":{"line":8,"column":2},"end":{"line":13,"column":4}},"line":8},"1":{"name":"(anonymous_1)","decl":{"start":{"line":15,"column":20},"end":{"line":15,"column":21}},"loc":{"start":{"line":15,"column":37},"end":{"line":23,"column":1}},"line":15},"2":{"name":"(anonymous_2)","decl":{"start":{"line":25,"column":13},"end":{"line":25,"column":14}},"loc":{"start":{"line":25,"column":26},"end":{"line":42,"column":1}},"line":25}},"branchMap":{"0":{"loc":{"start":{"line":27,"column":2},"end":{"line":29,"column":3}},"type":"if","locations":[{"start":{"line":27,"column":2},"end":{"line":29,"column":3}},{"start":{"line":27,"column":2},"end":{"line":29,"column":3}}],"line":27},"1":{"loc":{"start":{"line":32,"column":2},"end":{"line":35,"column":3}},"type":"if","locations":[{"start":{"line":32,"column":2},"end":{"line":35,"column":3}},{"start":{"line":32,"column":2},"end":{"line":35,"column":3}}],"line":32}},"s":{"0":1,"1":1,"2":1,"3":1,"4":1,"5":3,"6":1,"7":2,"8":1,"9":3,"10":3,"11":1,"12":2,"13":2,"14":1,"15":1,"16":1,"17":1},"f":{"0":3,"1":2,"2":3},"b":{"0":[1,2],"1":[1,1]},"_coverageSchema":"43e27e138ebf9cfc5966b082cf9a028302ed4184","hash":"5aa381c1a21a0198d7e9fcf2b2c8ed0078b7e688"}
}
