TN:
SF:/home/flip/Development/availability-exercise/node/store.js
FNF:0
FNH:0
DA:8,3
LF:1
LH:1
BRF:0
BRH:0
end_of_record
TN:
SF:/home/flip/Development/availability-exercise/node/availability/index.js
FN:12,(anonymous_0)
FN:28,(anonymous_1)
FN:34,(anonymous_2)
FN:36,(anonymous_3)
FNF:4
FNH:4
FNDA:4,(anonymous_0)
FNDA:6,(anonymous_1)
FNDA:134,(anonymous_2)
FNDA:31,(anonymous_3)
DA:1,2
DA:2,2
DA:4,2
DA:5,2
DA:8,2
DA:10,2
DA:12,2
DA:13,4
DA:14,4
DA:16,2
DA:28,6
DA:34,134
DA:36,31
DA:42,2
DA:43,2
DA:47,2
LF:16
LH:16
BRF:0
BRH:0
end_of_record
TN:
SF:/home/flip/Development/availability-exercise/node/availability/index.mock.js
FNF:0
FNH:0
DA:1,1
LF:1
LH:1
BRF:0
BRH:0
end_of_record
TN:
SF:/home/flip/Development/availability-exercise/node/availability/omitBooked.js
FN:3,(anonymous_0)
FN:3,(anonymous_1)
FN:5,(anonymous_2)
FNF:3
FNH:3
FNDA:3,(anonymous_0)
FNDA:3,(anonymous_1)
FNDA:1,(anonymous_2)
DA:1,3
DA:3,3
DA:4,3
DA:5,3
DA:6,1
DA:8,3
DA:11,3
LF:7
LH:7
BRF:0
BRH:0
end_of_record
TN:
SF:/home/flip/Development/availability-exercise/node/book/index.js
FN:7,(anonymous_0)
FN:15,(anonymous_1)
FN:25,(anonymous_2)
FNF:3
FNH:3
FNDA:3,(anonymous_0)
FNDA:2,(anonymous_1)
FNDA:3,(anonymous_2)
DA:1,1
DA:2,1
DA:4,1
DA:5,1
DA:7,1
DA:8,3
DA:15,1
DA:16,2
DA:25,1
DA:26,3
DA:27,3
DA:28,1
DA:31,2
DA:32,2
DA:33,1
DA:34,1
DA:37,1
DA:44,1
LF:18
LH:18
BRDA:27,0,0,1
BRDA:27,0,1,2
BRDA:32,1,0,1
BRDA:32,1,1,1
BRF:4
BRH:4
end_of_record
