<?xml version="1.0" encoding="UTF-8"?>
<coverage generated="1556759438534" clover="3.2.0">
  <project timestamp="1556759438534" name="All files">
    <metrics statements="65" coveredstatements="60" conditionals="6" coveredconditionals="6" methods="23" coveredmethods="23" elements="94" coveredelements="89" complexity="0" loc="65" ncloc="65" packages="5" files="15" classes="15">
      <package name="src">
        <metrics statements="15" coveredstatements="10" conditionals="0" coveredconditionals="0" methods="3" coveredmethods="3"/>
        <file name="App.js" path="/home/flip/Development/availability-exercise/web/src/App.js">
          <metrics statements="9" coveredstatements="9" conditionals="0" coveredconditionals="0" methods="3" coveredmethods="3"/>
          <line num="11" count="1" type="stmt"/>
          <line num="12" count="3" type="stmt"/>
          <line num="14" count="3" type="stmt"/>
          <line num="15" count="3" type="stmt"/>
          <line num="16" count="3" type="stmt"/>
          <line num="17" count="3" type="stmt"/>
          <line num="18" count="1" type="stmt"/>
          <line num="20" count="2" type="stmt"/>
          <line num="25" count="3" type="stmt"/>
        </file>
        <file name="index.js" path="/home/flip/Development/availability-exercise/web/src/index.js">
          <metrics statements="5" coveredstatements="0" conditionals="0" coveredconditionals="0" methods="0" coveredmethods="0"/>
          <line num="1" count="0" type="stmt"/>
          <line num="2" count="0" type="stmt"/>
          <line num="3" count="0" type="stmt"/>
          <line num="4" count="0" type="stmt"/>
          <line num="6" count="0" type="stmt"/>
        </file>
        <file name="setupTests.js" path="/home/flip/Development/availability-exercise/web/src/setupTests.js">
          <metrics statements="1" coveredstatements="1" conditionals="0" coveredconditionals="0" methods="0" coveredmethods="0"/>
          <line num="4" count="7" type="stmt"/>
        </file>
      </package>
      <package name="src.Components">
        <metrics statements="28" coveredstatements="28" conditionals="2" coveredconditionals="2" methods="11" coveredmethods="11"/>
        <file name="AvailableTime.js" path="/home/flip/Development/availability-exercise/web/src/Components/AvailableTime.js">
          <metrics statements="11" coveredstatements="11" conditionals="2" coveredconditionals="2" methods="2" coveredmethods="2"/>
          <line num="9" count="2" type="stmt"/>
          <line num="10" count="18" type="stmt"/>
          <line num="12" count="18" type="stmt"/>
          <line num="20" count="3" type="cond" truecount="2" falsecount="0"/>
          <line num="21" count="1" type="stmt"/>
          <line num="22" count="1" type="stmt"/>
          <line num="24" count="2" type="stmt"/>
          <line num="25" count="2" type="stmt"/>
          <line num="27" count="1" type="stmt"/>
          <line num="28" count="1" type="stmt"/>
          <line num="30" count="1" type="stmt"/>
        </file>
        <file name="AvailableTimesRow.js" path="/home/flip/Development/availability-exercise/web/src/Components/AvailableTimesRow.js">
          <metrics statements="3" coveredstatements="3" conditionals="0" coveredconditionals="0" methods="2" coveredmethods="2"/>
          <line num="5" count="1" type="stmt"/>
          <line num="6" count="2" type="stmt"/>
          <line num="12" count="14" type="stmt"/>
        </file>
        <file name="AvailableTimesTable.js" path="/home/flip/Development/availability-exercise/web/src/Components/AvailableTimesTable.js">
          <metrics statements="4" coveredstatements="4" conditionals="0" coveredconditionals="0" methods="2" coveredmethods="2"/>
          <line num="7" count="1" type="stmt"/>
          <line num="8" count="3" type="stmt"/>
          <line num="10" count="3" type="stmt"/>
          <line num="22" count="2" type="stmt"/>
        </file>
        <file name="BookedTimesRow.js" path="/home/flip/Development/availability-exercise/web/src/Components/BookedTimesRow.js">
          <metrics statements="2" coveredstatements="2" conditionals="0" coveredconditionals="0" methods="1" coveredmethods="1"/>
          <line num="5" count="1" type="stmt"/>
          <line num="6" count="2" type="stmt"/>
        </file>
        <file name="BookedTimesTable.js" path="/home/flip/Development/availability-exercise/web/src/Components/BookedTimesTable.js">
          <metrics statements="4" coveredstatements="4" conditionals="0" coveredconditionals="0" methods="2" coveredmethods="2"/>
          <line num="7" count="1" type="stmt"/>
          <line num="8" count="3" type="stmt"/>
          <line num="10" count="3" type="stmt"/>
          <line num="23" count="2" type="stmt"/>
        </file>
        <file name="BookingForm.js" path="/home/flip/Development/availability-exercise/web/src/Components/BookingForm.js">
          <metrics statements="4" coveredstatements="4" conditionals="0" coveredconditionals="0" methods="2" coveredmethods="2"/>
          <line num="5" count="2" type="stmt"/>
          <line num="6" count="5" type="stmt"/>
          <line num="8" count="5" type="stmt"/>
          <line num="17" count="1" type="stmt"/>
        </file>
      </package>
      <package name="src.contexts">
        <metrics statements="3" coveredstatements="3" conditionals="0" coveredconditionals="0" methods="0" coveredmethods="0"/>
        <file name="store.js" path="/home/flip/Development/availability-exercise/web/src/contexts/store.js">
          <metrics statements="3" coveredstatements="3" conditionals="0" coveredconditionals="0" methods="0" coveredmethods="0"/>
          <line num="3" count="3" type="stmt"/>
          <line num="4" count="3" type="stmt"/>
          <line num="7" count="3" type="stmt"/>
        </file>
      </package>
      <package name="src.lib">
        <metrics statements="14" coveredstatements="14" conditionals="4" coveredconditionals="4" methods="7" coveredmethods="7"/>
        <file name="book.js" path="/home/flip/Development/availability-exercise/web/src/lib/book.js">
          <metrics statements="6" coveredstatements="6" conditionals="4" coveredconditionals="4" methods="1" coveredmethods="1"/>
          <line num="1" count="3" type="stmt"/>
          <line num="2" count="3" type="stmt"/>
          <line num="5" count="3" type="stmt"/>
          <line num="7" count="3" type="cond" truecount="2" falsecount="0"/>
          <line num="8" count="2" type="cond" truecount="2" falsecount="0"/>
          <line num="11" count="3" type="stmt"/>
        </file>
        <file name="getAvailable.js" path="/home/flip/Development/availability-exercise/web/src/lib/getAvailable.js">
          <metrics statements="4" coveredstatements="4" conditionals="0" coveredconditionals="0" methods="3" coveredmethods="3"/>
          <line num="1" count="4" type="stmt"/>
          <line num="2" count="1" type="stmt"/>
          <line num="3" count="1" type="stmt"/>
          <line num="4" count="1" type="stmt"/>
        </file>
        <file name="getBooked.js" path="/home/flip/Development/availability-exercise/web/src/lib/getBooked.js">
          <metrics statements="4" coveredstatements="4" conditionals="0" coveredconditionals="0" methods="3" coveredmethods="3"/>
          <line num="1" count="4" type="stmt"/>
          <line num="2" count="1" type="stmt"/>
          <line num="3" count="1" type="stmt"/>
          <line num="4" count="1" type="stmt"/>
        </file>
      </package>
      <package name="src.util">
        <metrics statements="5" coveredstatements="5" conditionals="0" coveredconditionals="0" methods="2" coveredmethods="2"/>
        <file name="formatDateTime.js" path="/home/flip/Development/availability-exercise/web/src/util/formatDateTime.js">
          <metrics statements="1" coveredstatements="1" conditionals="0" coveredconditionals="0" methods="1" coveredmethods="1"/>
          <line num="1" count="20" type="stmt"/>
        </file>
        <file name="getFreshTableData.js" path="/home/flip/Development/availability-exercise/web/src/util/getFreshTableData.js">
          <metrics statements="4" coveredstatements="4" conditionals="0" coveredconditionals="0" methods="1" coveredmethods="1"/>
          <line num="4" count="3" type="stmt"/>
          <line num="5" count="1" type="stmt"/>
          <line num="6" count="1" type="stmt"/>
          <line num="7" count="1" type="stmt"/>
        </file>
      </package>
    </metrics>
  </project>
</coverage>
