{"/home/flip/Development/availability-exercise/web/src/App.js": {"path":"/home/flip/Development/availability-exercise/web/src/App.js","statementMap":{"0":{"start":{"line":11,"column":12},"end":{"line":35,"column":1}},"1":{"start":{"line":12,"column":28},"end":{"line":12,"column":51}},"2":{"start":{"line":14,"column":2},"end":{"line":23,"column":9}},"3":{"start":{"line":15,"column":4},"end":{"line":22,"column":9}},"4":{"start":{"line":16,"column":6},"end":{"line":21,"column":7}},"5":{"start":{"line":17,"column":38},"end":{"line":17,"column":63}},"6":{"start":{"line":18,"column":8},"end":{"line":18,"column":40}},"7":{"start":{"line":20,"column":8},"end":{"line":20,"column":25}},"8":{"start":{"line":25,"column":2},"end":{"line":34,"column":4}}},"fnMap":{"0":{"name":"(anonymous_0)","decl":{"start":{"line":11,"column":12},"end":{"line":11,"column":13}},"loc":{"start":{"line":11,"column":18},"end":{"line":35,"column":1}},"line":11},"1":{"name":"(anonymous_1)","decl":{"start":{"line":14,"column":12},"end":{"line":14,"column":13}},"loc":{"start":{"line":14,"column":18},"end":{"line":23,"column":3}},"line":14},"2":{"name":"(anonymous_2)","decl":{"start":{"line":15,"column":5},"end":{"line":15,"column":6}},"loc":{"start":{"line":15,"column":17},"end":{"line":22,"column":5}},"line":15}},"branchMap":{},"s":{"0":1,"1":3,"2":3,"3":3,"4":3,"5":3,"6":1,"7":2,"8":3},"f":{"0":3,"1":3,"2":3},"b":{},"_coverageSchema":"332fd63041d2c1bcb487cc26dd0d5f7d97098a6c","hash":"648e0b9d6314e8d1513c0c2992bbb2abb9168eab"}
,"/home/flip/Development/availability-exercise/web/src/index.js": {"path":"/home/flip/Development/availability-exercise/web/src/index.js","statementMap":{"0":{"start":{"line":1,"column":0},"end":{"line":null,"column":-1}},"1":{"start":{"line":2,"column":0},"end":{"line":null,"column":-1}},"2":{"start":{"line":3,"column":0},"end":{"line":null,"column":-1}},"3":{"start":{"line":4,"column":0},"end":{"line":null,"column":-1}},"4":{"start":{"line":6,"column":0},"end":{"line":null,"column":-1}}},"fnMap":{},"branchMap":{},"s":{"0":0,"1":0,"2":0,"3":0,"4":0},"f":{},"b":{}}
,"/home/flip/Development/availability-exercise/web/src/setupTests.js": {"path":"/home/flip/Development/availability-exercise/web/src/setupTests.js","statementMap":{"0":{"start":{"line":4,"column":0},"end":{"line":4,"column":38}}},"fnMap":{},"branchMap":{},"s":{"0":7},"f":{},"b":{},"_coverageSchema":"332fd63041d2c1bcb487cc26dd0d5f7d97098a6c","hash":"7a4d2da05c710187af2ec1879edb204b14af5c5c"}
,"/home/flip/Development/availability-exercise/web/src/Components/AvailableTime.js": {"path":"/home/flip/Development/availability-exercise/web/src/Components/AvailableTime.js","statementMap":{"0":{"start":{"line":9,"column":22},"end":{"line":38,"column":1}},"1":{"start":{"line":10,"column":28},"end":{"line":10,"column":47}},"2":{"start":{"line":12,"column":2},"end":{"line":37,"column":4}},"3":{"start":{"line":20,"column":10},"end":{"line":23,"column":11}},"4":{"start":{"line":21,"column":12},"end":{"line":21,"column":45}},"5":{"start":{"line":22,"column":12},"end":{"line":22,"column":19}},"6":{"start":{"line":24,"column":10},"end":{"line":31,"column":11}},"7":{"start":{"line":25,"column":12},"end":{"line":25,"column":61}},"8":{"start":{"line":27,"column":42},"end":{"line":27,"column":67}},"9":{"start":{"line":28,"column":12},"end":{"line":28,"column":54}},"10":{"start":{"line":30,"column":12},"end":{"line":30,"column":29}}},"fnMap":{"0":{"name":"(anonymous_0)","decl":{"start":{"line":9,"column":22},"end":{"line":9,"column":23}},"loc":{"start":{"line":9,"column":45},"end":{"line":38,"column":1}},"line":9},"1":{"name":"(anonymous_1)","decl":{"start":{"line":19,"column":17},"end":{"line":19,"column":18}},"loc":{"start":{"line":19,"column":29},"end":{"line":32,"column":9}},"line":19}},"branchMap":{"0":{"loc":{"start":{"line":20,"column":10},"end":{"line":23,"column":11}},"type":"if","locations":[{"start":{"line":20,"column":10},"end":{"line":23,"column":11}},{"start":{"line":20,"column":10},"end":{"line":23,"column":11}}],"line":20}},"s":{"0":2,"1":18,"2":18,"3":3,"4":1,"5":1,"6":2,"7":2,"8":1,"9":1,"10":1},"f":{"0":18,"1":3},"b":{"0":[1,2]},"_coverageSchema":"332fd63041d2c1bcb487cc26dd0d5f7d97098a6c","hash":"1e3bbe2b73bc11e3bf1f9eb42367a34cdd5a0360"}
,"/home/flip/Development/availability-exercise/web/src/Components/AvailableTimesRow.js": {"path":"/home/flip/Development/availability-exercise/web/src/Components/AvailableTimesRow.js","statementMap":{"0":{"start":{"line":5,"column":26},"end":{"line":23,"column":1}},"1":{"start":{"line":6,"column":2},"end":{"line":22,"column":4}},"2":{"start":{"line":12,"column":12},"end":{"line":17,"column":14}}},"fnMap":{"0":{"name":"(anonymous_0)","decl":{"start":{"line":5,"column":26},"end":{"line":5,"column":27}},"loc":{"start":{"line":5,"column":57},"end":{"line":23,"column":1}},"line":5},"1":{"name":"(anonymous_1)","decl":{"start":{"line":11,"column":21},"end":{"line":11,"column":22}},"loc":{"start":{"line":12,"column":12},"end":{"line":17,"column":14}},"line":12}},"branchMap":{},"s":{"0":1,"1":2,"2":14},"f":{"0":2,"1":14},"b":{},"_coverageSchema":"332fd63041d2c1bcb487cc26dd0d5f7d97098a6c","hash":"6d42a13da836f871cb21f1a5d003dbd5f368b41a"}
,"/home/flip/Development/availability-exercise/web/src/Components/AvailableTimesTable.js": {"path":"/home/flip/Development/availability-exercise/web/src/Components/AvailableTimesTable.js","statementMap":{"0":{"start":{"line":7,"column":28},"end":{"line":28,"column":1}},"1":{"start":{"line":8,"column":26},"end":{"line":8,"column":45}},"2":{"start":{"line":10,"column":2},"end":{"line":27,"column":4}},"3":{"start":{"line":22,"column":12},"end":{"line":22,"column":79}}},"fnMap":{"0":{"name":"(anonymous_0)","decl":{"start":{"line":7,"column":28},"end":{"line":7,"column":29}},"loc":{"start":{"line":7,"column":34},"end":{"line":28,"column":1}},"line":7},"1":{"name":"(anonymous_1)","decl":{"start":{"line":21,"column":25},"end":{"line":21,"column":26}},"loc":{"start":{"line":22,"column":12},"end":{"line":22,"column":79}},"line":22}},"branchMap":{},"s":{"0":1,"1":3,"2":3,"3":2},"f":{"0":3,"1":2},"b":{},"_coverageSchema":"332fd63041d2c1bcb487cc26dd0d5f7d97098a6c","hash":"1e0821b14751f3ad2e09557dbe9e4dbcd0fddbbc"}
,"/home/flip/Development/availability-exercise/web/src/Components/BookedTimesRow.js": {"path":"/home/flip/Development/availability-exercise/web/src/Components/BookedTimesRow.js","statementMap":{"0":{"start":{"line":5,"column":23},"end":{"line":13,"column":1}},"1":{"start":{"line":6,"column":2},"end":{"line":12,"column":7}}},"fnMap":{"0":{"name":"(anonymous_0)","decl":{"start":{"line":5,"column":23},"end":{"line":5,"column":24}},"loc":{"start":{"line":6,"column":2},"end":{"line":12,"column":7}},"line":6}},"branchMap":{},"s":{"0":1,"1":2},"f":{"0":2},"b":{},"_coverageSchema":"332fd63041d2c1bcb487cc26dd0d5f7d97098a6c","hash":"113799909e1fa9e28d32554a7b5d7a002df6105e"}
,"/home/flip/Development/availability-exercise/web/src/Components/BookedTimesTable.js": {"path":"/home/flip/Development/availability-exercise/web/src/Components/BookedTimesTable.js","statementMap":{"0":{"start":{"line":7,"column":25},"end":{"line":34,"column":1}},"1":{"start":{"line":8,"column":23},"end":{"line":8,"column":42}},"2":{"start":{"line":10,"column":2},"end":{"line":33,"column":4}},"3":{"start":{"line":23,"column":12},"end":{"line":28,"column":14}}},"fnMap":{"0":{"name":"(anonymous_0)","decl":{"start":{"line":7,"column":25},"end":{"line":7,"column":26}},"loc":{"start":{"line":7,"column":31},"end":{"line":34,"column":1}},"line":7},"1":{"name":"(anonymous_1)","decl":{"start":{"line":22,"column":22},"end":{"line":22,"column":23}},"loc":{"start":{"line":23,"column":12},"end":{"line":28,"column":14}},"line":23}},"branchMap":{},"s":{"0":1,"1":3,"2":3,"3":2},"f":{"0":3,"1":2},"b":{},"_coverageSchema":"332fd63041d2c1bcb487cc26dd0d5f7d97098a6c","hash":"323e9c14e30b3c08ec3df82951bfa7f592306827"}
,"/home/flip/Development/availability-exercise/web/src/Components/BookingForm.js": {"path":"/home/flip/Development/availability-exercise/web/src/Components/BookingForm.js","statementMap":{"0":{"start":{"line":5,"column":20},"end":{"line":23,"column":1}},"1":{"start":{"line":6,"column":28},"end":{"line":6,"column":47}},"2":{"start":{"line":8,"column":2},"end":{"line":22,"column":4}},"3":{"start":{"line":17,"column":12},"end":{"line":17,"column":40}}},"fnMap":{"0":{"name":"(anonymous_0)","decl":{"start":{"line":5,"column":20},"end":{"line":5,"column":21}},"loc":{"start":{"line":5,"column":26},"end":{"line":23,"column":1}},"line":5},"1":{"name":"(anonymous_1)","decl":{"start":{"line":16,"column":20},"end":{"line":16,"column":21}},"loc":{"start":{"line":17,"column":12},"end":{"line":17,"column":40}},"line":17}},"branchMap":{},"s":{"0":2,"1":5,"2":5,"3":1},"f":{"0":5,"1":1},"b":{},"_coverageSchema":"332fd63041d2c1bcb487cc26dd0d5f7d97098a6c","hash":"6d838eaf4f98b0a77808e9336908dd26244b799f"}
,"/home/flip/Development/availability-exercise/web/src/contexts/store.js": {"path":"/home/flip/Development/availability-exercise/web/src/contexts/store.js","statementMap":{"0":{"start":{"line":3,"column":29},"end":{"line":3,"column":68}},"1":{"start":{"line":4,"column":16},"end":{"line":4,"column":44}},"2":{"start":{"line":7,"column":38},"end":{"line":7,"column":45}}},"fnMap":{},"branchMap":{},"s":{"0":3,"1":3,"2":3},"f":{},"b":{},"_coverageSchema":"332fd63041d2c1bcb487cc26dd0d5f7d97098a6c","hash":"e2451d4f231cbada6b6fdd9119555dee227ea945"}
,"/home/flip/Development/availability-exercise/web/src/lib/book.js": {"path":"/home/flip/Development/availability-exercise/web/src/lib/book.js","statementMap":{"0":{"start":{"line":1,"column":13},"end":{"line":12,"column":1}},"1":{"start":{"line":2,"column":19},"end":{"line":4,"column":3}},"2":{"start":{"line":5,"column":15},"end":{"line":5,"column":30}},"3":{"start":{"line":7,"column":2},"end":{"line":9,"column":3}},"4":{"start":{"line":8,"column":4},"end":{"line":8,"column":75}},"5":{"start":{"line":11,"column":2},"end":{"line":11,"column":14}}},"fnMap":{"0":{"name":"(anonymous_0)","decl":{"start":{"line":1,"column":13},"end":{"line":1,"column":14}},"loc":{"start":{"line":1,"column":49},"end":{"line":12,"column":1}},"line":1}},"branchMap":{"0":{"loc":{"start":{"line":7,"column":2},"end":{"line":9,"column":3}},"type":"if","locations":[{"start":{"line":7,"column":2},"end":{"line":9,"column":3}},{"start":{"line":7,"column":2},"end":{"line":9,"column":3}}],"line":7},"1":{"loc":{"start":{"line":8,"column":10},"end":{"line":8,"column":73}},"type":"cond-expr","locations":[{"start":{"line":8,"column":31},"end":{"line":8,"column":60}},{"start":{"line":8,"column":63},"end":{"line":8,"column":73}}],"line":8}},"s":{"0":3,"1":3,"2":3,"3":3,"4":2,"5":3},"f":{"0":3},"b":{"0":[2,1],"1":[1,1]},"_coverageSchema":"332fd63041d2c1bcb487cc26dd0d5f7d97098a6c","hash":"57f02167c29c225e0b193157a86f141917c6faad"}
,"/home/flip/Development/availability-exercise/web/src/lib/getAvailable.js": {"path":"/home/flip/Development/availability-exercise/web/src/lib/getAvailable.js","statementMap":{"0":{"start":{"line":1,"column":21},"end":{"line":4,"column":45}},"1":{"start":{"line":2,"column":2},"end":{"line":4,"column":45}},"2":{"start":{"line":3,"column":22},"end":{"line":3,"column":37}},"3":{"start":{"line":4,"column":35},"end":{"line":4,"column":44}}},"fnMap":{"0":{"name":"(anonymous_0)","decl":{"start":{"line":1,"column":21},"end":{"line":1,"column":22}},"loc":{"start":{"line":2,"column":2},"end":{"line":4,"column":45}},"line":2},"1":{"name":"(anonymous_1)","decl":{"start":{"line":3,"column":10},"end":{"line":3,"column":11}},"loc":{"start":{"line":3,"column":22},"end":{"line":3,"column":37}},"line":3},"2":{"name":"(anonymous_2)","decl":{"start":{"line":4,"column":10},"end":{"line":4,"column":11}},"loc":{"start":{"line":4,"column":35},"end":{"line":4,"column":44}},"line":4}},"branchMap":{},"s":{"0":4,"1":1,"2":1,"3":1},"f":{"0":1,"1":1,"2":1},"b":{},"_coverageSchema":"332fd63041d2c1bcb487cc26dd0d5f7d97098a6c","hash":"6dbf3e361c3c362949faf776b5e23ccae919dbbb"}
,"/home/flip/Development/availability-exercise/web/src/lib/getBooked.js": {"path":"/home/flip/Development/availability-exercise/web/src/lib/getBooked.js","statementMap":{"0":{"start":{"line":1,"column":18},"end":{"line":4,"column":39}},"1":{"start":{"line":2,"column":2},"end":{"line":4,"column":39}},"2":{"start":{"line":3,"column":22},"end":{"line":3,"column":37}},"3":{"start":{"line":4,"column":32},"end":{"line":4,"column":38}}},"fnMap":{"0":{"name":"(anonymous_0)","decl":{"start":{"line":1,"column":18},"end":{"line":1,"column":19}},"loc":{"start":{"line":2,"column":2},"end":{"line":4,"column":39}},"line":2},"1":{"name":"(anonymous_1)","decl":{"start":{"line":3,"column":10},"end":{"line":3,"column":11}},"loc":{"start":{"line":3,"column":22},"end":{"line":3,"column":37}},"line":3},"2":{"name":"(anonymous_2)","decl":{"start":{"line":4,"column":10},"end":{"line":4,"column":11}},"loc":{"start":{"line":4,"column":32},"end":{"line":4,"column":38}},"line":4}},"branchMap":{},"s":{"0":4,"1":1,"2":1,"3":1},"f":{"0":1,"1":1,"2":1},"b":{},"_coverageSchema":"332fd63041d2c1bcb487cc26dd0d5f7d97098a6c","hash":"a116cec05ffb00bb8c4bd732872a25b91df7f690"}
,"/home/flip/Development/availability-exercise/web/src/util/formatDateTime.js": {"path":"/home/flip/Development/availability-exercise/web/src/util/formatDateTime.js","statementMap":{"0":{"start":{"line":1,"column":23},"end":{"line":1,"column":69}},"1":{"start":{"line":1,"column":31},"end":{"line":1,"column":69}}},"fnMap":{"0":{"name":"(anonymous_0)","decl":{"start":{"line":1,"column":23},"end":{"line":1,"column":24}},"loc":{"start":{"line":1,"column":31},"end":{"line":1,"column":69}},"line":1}},"branchMap":{},"s":{"0":2,"1":20},"f":{"0":20},"b":{},"_coverageSchema":"332fd63041d2c1bcb487cc26dd0d5f7d97098a6c","hash":"37fa542f04dc7d237abb086c89e9b2e61ad25dc0"}
,"/home/flip/Development/availability-exercise/web/src/util/getFreshTableData.js": {"path":"/home/flip/Development/availability-exercise/web/src/util/getFreshTableData.js","statementMap":{"0":{"start":{"line":4,"column":26},"end":{"line":8,"column":1}},"1":{"start":{"line":5,"column":20},"end":{"line":5,"column":40}},"2":{"start":{"line":6,"column":17},"end":{"line":6,"column":34}},"3":{"start":{"line":7,"column":2},"end":{"line":7,"column":31}}},"fnMap":{"0":{"name":"(anonymous_0)","decl":{"start":{"line":4,"column":26},"end":{"line":4,"column":27}},"loc":{"start":{"line":4,"column":38},"end":{"line":8,"column":1}},"line":4}},"branchMap":{},"s":{"0":3,"1":1,"2":1,"3":1},"f":{"0":1},"b":{},"_coverageSchema":"332fd63041d2c1bcb487cc26dd0d5f7d97098a6c","hash":"fbe93d27e950218c71ed441232295847b17c6a4d"}
}
