TN:
SF:/home/flip/Development/availability-exercise/web/src/App.js
FN:11,(anonymous_0)
FN:14,(anonymous_1)
FN:15,(anonymous_2)
FNF:3
FNH:3
FNDA:3,(anonymous_0)
FNDA:3,(anonymous_1)
FNDA:3,(anonymous_2)
DA:11,1
DA:12,3
DA:14,3
DA:15,3
DA:16,3
DA:17,3
DA:18,1
DA:20,2
DA:25,3
LF:9
LH:9
BRF:0
BRH:0
end_of_record
TN:
SF:/home/flip/Development/availability-exercise/web/src/index.js
FNF:0
FNH:0
DA:1,0
DA:2,0
DA:3,0
DA:4,0
DA:6,0
LF:5
LH:0
BRF:0
BRH:0
end_of_record
TN:
SF:/home/flip/Development/availability-exercise/web/src/setupTests.js
FNF:0
FNH:0
DA:4,7
LF:1
LH:1
BRF:0
BRH:0
end_of_record
TN:
SF:/home/flip/Development/availability-exercise/web/src/Components/AvailableTime.js
FN:9,(anonymous_0)
FN:19,(anonymous_1)
FNF:2
FNH:2
FNDA:18,(anonymous_0)
FNDA:3,(anonymous_1)
DA:9,2
DA:10,18
DA:12,18
DA:20,3
DA:21,1
DA:22,1
DA:24,2
DA:25,2
DA:27,1
DA:28,1
DA:30,1
LF:11
LH:11
BRDA:20,0,0,1
BRDA:20,0,1,2
BRF:2
BRH:2
end_of_record
TN:
SF:/home/flip/Development/availability-exercise/web/src/Components/AvailableTimesRow.js
FN:5,(anonymous_0)
FN:11,(anonymous_1)
FNF:2
FNH:2
FNDA:2,(anonymous_0)
FNDA:14,(anonymous_1)
DA:5,1
DA:6,2
DA:12,14
LF:3
LH:3
BRF:0
BRH:0
end_of_record
TN:
SF:/home/flip/Development/availability-exercise/web/src/Components/AvailableTimesTable.js
FN:7,(anonymous_0)
FN:21,(anonymous_1)
FNF:2
FNH:2
FNDA:3,(anonymous_0)
FNDA:2,(anonymous_1)
DA:7,1
DA:8,3
DA:10,3
DA:22,2
LF:4
LH:4
BRF:0
BRH:0
end_of_record
TN:
SF:/home/flip/Development/availability-exercise/web/src/Components/BookedTimesRow.js
FN:5,(anonymous_0)
FNF:1
FNH:1
FNDA:2,(anonymous_0)
DA:5,1
DA:6,2
LF:2
LH:2
BRF:0
BRH:0
end_of_record
TN:
SF:/home/flip/Development/availability-exercise/web/src/Components/BookedTimesTable.js
FN:7,(anonymous_0)
FN:22,(anonymous_1)
FNF:2
FNH:2
FNDA:3,(anonymous_0)
FNDA:2,(anonymous_1)
DA:7,1
DA:8,3
DA:10,3
DA:23,2
LF:4
LH:4
BRF:0
BRH:0
end_of_record
TN:
SF:/home/flip/Development/availability-exercise/web/src/Components/BookingForm.js
FN:5,(anonymous_0)
FN:16,(anonymous_1)
FNF:2
FNH:2
FNDA:5,(anonymous_0)
FNDA:1,(anonymous_1)
DA:5,2
DA:6,5
DA:8,5
DA:17,1
LF:4
LH:4
BRF:0
BRH:0
end_of_record
TN:
SF:/home/flip/Development/availability-exercise/web/src/contexts/store.js
FNF:0
FNH:0
DA:3,3
DA:4,3
DA:7,3
LF:3
LH:3
BRF:0
BRH:0
end_of_record
TN:
SF:/home/flip/Development/availability-exercise/web/src/lib/book.js
FN:1,(anonymous_0)
FNF:1
FNH:1
FNDA:3,(anonymous_0)
DA:1,3
DA:2,3
DA:5,3
DA:7,3
DA:8,2
DA:11,3
LF:6
LH:6
BRDA:7,0,0,2
BRDA:7,0,1,1
BRDA:8,1,0,1
BRDA:8,1,1,1
BRF:4
BRH:4
end_of_record
TN:
SF:/home/flip/Development/availability-exercise/web/src/lib/getAvailable.js
FN:1,(anonymous_0)
FN:3,(anonymous_1)
FN:4,(anonymous_2)
FNF:3
FNH:3
FNDA:1,(anonymous_0)
FNDA:1,(anonymous_1)
FNDA:1,(anonymous_2)
DA:1,4
DA:2,1
DA:3,1
DA:4,1
LF:4
LH:4
BRF:0
BRH:0
end_of_record
TN:
SF:/home/flip/Development/availability-exercise/web/src/lib/getBooked.js
FN:1,(anonymous_0)
FN:3,(anonymous_1)
FN:4,(anonymous_2)
FNF:3
FNH:3
FNDA:1,(anonymous_0)
FNDA:1,(anonymous_1)
FNDA:1,(anonymous_2)
DA:1,4
DA:2,1
DA:3,1
DA:4,1
LF:4
LH:4
BRF:0
BRH:0
end_of_record
TN:
SF:/home/flip/Development/availability-exercise/web/src/util/formatDateTime.js
FN:1,(anonymous_0)
FNF:1
FNH:1
FNDA:20,(anonymous_0)
DA:1,20
LF:1
LH:1
BRF:0
BRH:0
end_of_record
TN:
SF:/home/flip/Development/availability-exercise/web/src/util/getFreshTableData.js
FN:4,(anonymous_0)
FNF:1
FNH:1
FNDA:1,(anonymous_0)
DA:4,3
DA:5,1
DA:6,1
DA:7,1
LF:4
LH:4
BRF:0
BRH:0
end_of_record
